# JRE version: OpenJDK Runtime Environment Temurin-17.0.8.1+1 (17.0.8.1+1) (build 17.0.8.1+1)
# Java VM: OpenJDK 64-Bit Server VM Temurin-17.0.8.1+1 (17.0.8.1+1, mixed mode, emulated-client, tiered, compressed oops, compressed class ptrs, g1 gc, windows-amd64)
GC Precious Log:
 CPUs: 4 total, 4 available
 Memory: 6030M
 Large Page Support: Disabled
 NUMA Support: Disabled
 Compressed Oops: Enabled (32-bit)
 Heap Region Size: 1M
 Heap Min Capacity: 8M
 Heap Initial Capacity: 96M
 Heap Max Capacity: 1G
 Pre-touch: Disabled
 Parallel Workers: 4
 Concurrent Workers: 1
 Concurrent Refinement Workers: 4
 Periodic GC: Disabled
Heap:
 garbage-first heap   total 48128K, used 24415K [0x00000000c0000000, 0x0000000100000000)
  region size 1024K, 2 young (2048K), 1 survivors (1024K)
 Metaspace       used 42834K, committed 43264K, reserved 1114112K
  class space    used 5323K, committed 5504K, reserved 1048576K
GC Heap History (20 events):
Event: 54.702 GC heap before
{Heap before GC invocations=5 (full 0):
 garbage-first heap   total 48128K, used 35306K [0x00000000c0000000, 0x0000000100000000)
  region size 1024K, 28 young (28672K), 5 survivors (5120K)
 Metaspace       used 26792K, committed 27008K, reserved 1114112K
  class space    used 3143K, committed 3264K, reserved 1048576K
}
Event: 54.718 GC heap after
{Heap after GC invocations=6 (full 0):
 garbage-first heap   total 48128K, used 15563K [0x00000000c0000000, 0x0000000100000000)
  region size 1024K, 7 young (7168K), 7 survivors (7168K)
 Metaspace       used 26792K, committed 27008K, reserved 1114112K
  class space    used 3143K, committed 3264K, reserved 1048576K
}
Event: 57.928 GC heap before
{Heap before GC invocations=6 (full 0):
 garbage-first heap   total 48128K, used 30923K [0x00000000c0000000, 0x0000000100000000)
  region size 1024K, 22 young (22528K), 7 survivors (7168K)
 Metaspace       used 28851K, committed 29120K, reserved 1114112K
  class space    used 3407K, committed 3520K, reserved 1048576K
}
Event: 57.941 GC heap after
{Heap after GC invocations=7 (full 0):
 garbage-first heap   total 48128K, used 17164K [0x00000000c0000000, 0x0000000100000000)
  region size 1024K, 2 young (2048K), 2 survivors (2048K)
 Metaspace       used 28851K, committed 29120K, reserved 1114112K
  class space    used 3407K, committed 3520K, reserved 1048576K
}
Event: 61.692 GC heap before
{Heap before GC invocations=7 (full 0):
 garbage-first heap   total 48128K, used 32524K [0x00000000c0000000, 0x0000000100000000)
  region size 1024K, 17 young (17408K), 2 survivors (2048K)
 Metaspace       used 31036K, committed 31360K, reserved 1114112K
  class space    used 3697K, committed 3840K, reserved 1048576K
}
Event: 61.701 GC heap after
{Heap after GC invocations=8 (full 0):
 garbage-first heap   total 48128K, used 18105K [0x00000000c0000000, 0x0000000100000000)
  region size 1024K, 2 young (2048K), 2 survivors (2048K)
 Metaspace       used 31036K, committed 31360K, reserved 1114112K
  class space    used 3697K, committed 3840K, reserved 1048576K
}
Event: 63.868 GC heap before
{Heap before GC invocations=8 (full 0):
 garbage-first heap   total 48128K, used 33465K [0x00000000c0000000, 0x0000000100000000)
  region size 1024K, 17 young (17408K), 2 survivors (2048K)
 Metaspace       used 33446K, committed 33856K, reserved 1114112K
  class space    used 4047K, committed 4224K, reserved 1048576K
}
Event: 63.879 GC heap after
{Heap after GC invocations=9 (full 0):
 garbage-first heap   total 48128K, used 19623K [0x00000000c0000000, 0x0000000100000000)
  region size 1024K, 3 young (3072K), 3 survivors (3072K)
 Metaspace       used 33446K, committed 33856K, reserved 1114112K
  class space    used 4047K, committed 4224K, reserved 1048576K
}
Event: 69.441 GC heap before
{Heap before GC invocations=9 (full 0):
 garbage-first heap   total 48128K, used 33959K [0x00000000c0000000, 0x0000000100000000)
  region size 1024K, 18 young (18432K), 3 survivors (3072K)
 Metaspace       used 35617K, committed 35968K, reserved 1114112K
  class space    used 4349K, committed 4480K, reserved 1048576K
}
Event: 69.453 GC heap after
{Heap after GC invocations=10 (full 0):
 garbage-first heap   total 48128K, used 20975K [0x00000000c0000000, 0x0000000100000000)
  region size 1024K, 2 young (2048K), 2 survivors (2048K)
 Metaspace       used 35617K, committed 35968K, reserved 1114112K
  class space    used 4349K, committed 4480K, reserved 1048576K
}
Event: 69.466 GC heap before
{Heap before GC invocations=10 (full 0):
 garbage-first heap   total 48128K, used 20975K [0x00000000c0000000, 0x0000000100000000)
  region size 1024K, 3 young (3072K), 2 survivors (2048K)
 Metaspace       used 35682K, committed 35968K, reserved 1114112K
  class space    used 4358K, committed 4480K, reserved 1048576K
}
Event: 69.471 GC heap after
{Heap after GC invocations=11 (full 0):
 garbage-first heap   total 48128K, used 21389K [0x00000000c0000000, 0x0000000100000000)
  region size 1024K, 1 young (1024K), 1 survivors (1024K)
 Metaspace       used 35682K, committed 35968K, reserved 1114112K
  class space    used 4358K, committed 4480K, reserved 1048576K
}
Event: 73.709 GC heap before
{Heap before GC invocations=12 (full 0):
 garbage-first heap   total 48128K, used 35725K [0x00000000c0000000, 0x0000000100000000)
  region size 1024K, 15 young (15360K), 1 survivors (1024K)
 Metaspace       used 38245K, committed 38592K, reserved 1114112K
  class space    used 4754K, committed 4928K, reserved 1048576K
}
Event: 73.714 GC heap after
{Heap after GC invocations=13 (full 0):
 garbage-first heap   total 48128K, used 22201K [0x00000000c0000000, 0x0000000100000000)
  region size 1024K, 2 young (2048K), 2 survivors (2048K)
 Metaspace       used 38245K, committed 38592K, reserved 1114112K
  class space    used 4754K, committed 4928K, reserved 1048576K
}
Event: 73.818 GC heap before
{Heap before GC invocations=13 (full 0):
 garbage-first heap   total 48128K, used 23225K [0x00000000c0000000, 0x0000000100000000)
  region size 1024K, 3 young (3072K), 2 survivors (2048K)
 Metaspace       used 38416K, committed 38720K, reserved 1114112K
  class space    used 4782K, committed 4928K, reserved 1048576K
}
Event: 73.823 GC heap after
{Heap after GC invocations=14 (full 0):
 garbage-first heap   total 48128K, used 21950K [0x00000000c0000000, 0x0000000100000000)
  region size 1024K, 1 young (1024K), 1 survivors (1024K)
 Metaspace       used 38416K, committed 38720K, reserved 1114112K
  class space    used 4782K, committed 4928K, reserved 1048576K
}
Event: 93.358 GC heap before
{Heap before GC invocations=14 (full 0):
 garbage-first heap   total 48128K, used 35262K [0x00000000c0000000, 0x0000000100000000)
  region size 1024K, 15 young (15360K), 1 survivors (1024K)
 Metaspace       used 40291K, committed 40704K, reserved 1114112K
  class space    used 5118K, committed 5312K, reserved 1048576K
}
Event: 93.364 GC heap after
{Heap after GC invocations=15 (full 0):
 garbage-first heap   total 48128K, used 24286K [0x00000000c0000000, 0x0000000100000000)
  region size 1024K, 2 young (2048K), 2 survivors (2048K)
 Metaspace       used 40291K, committed 40704K, reserved 1114112K
  class space    used 5118K, committed 5312K, reserved 1048576K
}
Event: 128.128 GC heap before
{Heap before GC invocations=16 (full 0):
 garbage-first heap   total 48128K, used 37598K [0x00000000c0000000, 0x0000000100000000)
  region size 1024K, 15 young (15360K), 2 survivors (2048K)
 Metaspace       used 42607K, committed 43008K, reserved 1114112K
  class space    used 5291K, committed 5504K, reserved 1048576K
}
Event: 128.135 GC heap after
{Heap after GC invocations=17 (full 0):
 garbage-first heap   total 48128K, used 24415K [0x00000000c0000000, 0x0000000100000000)
  region size 1024K, 1 young (1024K), 1 survivors (1024K)
 Metaspace       used 42607K, committed 43008K, reserved 1114112K
  class space    used 5291K, committed 5504K, reserved 1048576K
}

